<?xml version="1.0" encoding="UTF-8"?>
<!-- Generated by org.testng.reporters.JUnitReportReporter -->
<testsuite hostname="IMCHLT191-2.local" name="example.NewTest" tests="1" failures="0" timestamp="2 May 2017 06:36:43 GMT" time="5.062" errors="0">
  <testcase name="testEasy" time="5.062" classname="example.NewTest"/>
</testsuite> <!-- example.NewTest -->
