<?xml version="1.0" encoding="UTF-8"?>
<!-- Generated by org.testng.reporters.JUnitReportReporter -->
<testsuite hostname="mani-PC" name="example.NewTest" tests="1" failures="0" timestamp="29 Apr 2017 17:58:59 GMT" time="7.253" errors="0">
  <testcase name="testEasy" time="7.253" classname="example.NewTest"/>
</testsuite> <!-- example.NewTest -->
